**************************
call qword ptr [r15+0x1940]
139759812451612(Before): 4294967295
**************************
call qword ptr [r15+0x1940]
10: 0
**************************
call qword ptr [r15+0x1940]
139759812451612(After): 0
**************************
cmp rcx, rax
6295712(Before): 2
**************************
cmp rcx, rax
10: 0
**************************
cmp rcx, rax
6295712(After): 2
**************************
mov qword ptr [r15+0x28], rdi
6295712(Before): 0
**************************
mov qword ptr [r15+0x28], rdi
10: 2
**************************
mov qword ptr [r15+0x28], rdi
6295712(After): 2
**************************
nop 
139759962716640(Before): 0
**************************
nop 
10: 0
**************************
nop 
139759962716640(After): 1
**************************
jmp 0x8
139759812450824(Before): 0
**************************
jmp 0x8
10: 0
**************************
jmp 0x8
139759812450824(After): 2
**************************
mov rax, 0x7f1c66c1b8a0
139759812450824(Before): 2
**************************
mov rax, 0x7f1c66c1b8a0
10: 2
**************************
mov rax, 0x7f1c66c1b8a0
139759812450824(After): 0
**************************
jmp 0x8
139759812450824(Before): 0
**************************
jmp 0x8
10: 0
**************************
jmp 0x8
139759812450824(After): 2
**************************
mov rax, 0x7f1c66c1b8a0
139759812450824(Before): 2
**************************
mov rax, 0x7f1c66c1b8a0
10: 2
**************************
mov rax, 0x7f1c66c1b8a0
139759812450824(After): 0
**************************
mov qword ptr [r15+0x60], rax
139759962716640(Before): 1
**************************
mov qword ptr [r15+0x60], rax
139759962716640(After): 0
Unlocked
mov qword ptr [r15+0x60], rax
**************************
nop 
139759962716640(Before): 0
**************************
nop 
10: 0
**************************
nop 
139759962716640(After): 1
**************************
jmp 0x8
139759812450824(Before): 0
**************************
jmp 0x8
10: 0
**************************
jmp 0x8
139759812450824(After): 2
**************************
mov rax, 0x7f1c66c1b8a0
139759812450824(Before): 2
**************************
mov rax, 0x7f1c66c1b8a0
10: 2
**************************
mov rax, 0x7f1c66c1b8a0
139759812450824(After): 0
**************************
jmp 0x8
139759812450824(Before): 0
**************************
jmp 0x8
10: 0
**************************
jmp 0x8
139759812450824(After): 2
**************************
mov rax, 0x7f1c66c1b8a0
139759812450824(Before): 2
**************************
mov rax, 0x7f1c66c1b8a0
10: 2
**************************
mov rax, 0x7f1c66c1b8a0
139759812450824(After): 0
**************************
mov qword ptr [r15+0x60], rax
139759962716640(Before): 1
**************************
mov qword ptr [r15+0x60], rax
139759962716640(After): 0
Unlocked
mov qword ptr [r15+0x60], rax
**************************
mov qword ptr [r15+0x80], r12
6295712(Before): 2
**************************
mov qword ptr [r15+0x80], r12
6295712(After): 1
**************************
jz 0x12270
139759965123200(Before): 3
**************************
jz 0x12270
139759965123200(After): 2
**************************
mov rax, qword ptr [r15+0x60]
139759812450824(Before): 0
**************************
mov rax, qword ptr [r15+0x60]
139759812450824(After): 16
