**************************
call qword ptr [r15+0x1940]
139759794564380(Before): 4294967295
**************************
call qword ptr [r15+0x1940]
10: 0
**************************
call qword ptr [r15+0x1940]
139759794564380(After): 0
**************************
cmp rcx, rax
6295712(Before): 2
**************************
cmp rcx, rax
10: 0
**************************
cmp rcx, rax
6295712(After): 2
**************************
mov qword ptr [r15+0x28], rdi
6295712(Before): 0
**************************
mov qword ptr [r15+0x28], rdi
10: 2
**************************
mov qword ptr [r15+0x28], rdi
6295712(After): 2
**************************
nop 
139759962716640(Before): 0
**************************
nop 
10: 0
**************************
nop 
139759962716640(After): 1
**************************
jmp 0x8
139759794563592(Before): 0
**************************
jmp 0x8
10: 0
**************************
jmp 0x8
139759794563592(After): 2
**************************
mov rax, 0x7f1c66c1b8a0
139759794563592(Before): 2
**************************
mov rax, 0x7f1c66c1b8a0
10: 2
**************************
mov rax, 0x7f1c66c1b8a0
139759794563592(After): 0
**************************
jmp 0x8
139759794563592(Before): 0
**************************
jmp 0x8
10: 0
**************************
jmp 0x8
139759794563592(After): 2
**************************
pop r14
cuserid
139759794563592(Before): 2
**************************
pop r14
cuserid
10: 2
**************************
pop r14
cuserid
139759794563592(After): 0
**************************
mov qword ptr [r15+0x60], rax
139759962716640(Before): 1
**************************
mov qword ptr [r15+0x60], rax
139759962716640(After): 0
Unlocked
mov qword ptr [r15+0x60], rax
**************************
lea rax, ptr [rdx+rdx*4]
cuserid
139759962716640(Before): 0
**************************
lea rax, ptr [rdx+rdx*4]
cuserid
10: 0
**************************
lea rax, ptr [rdx+rdx*4]
cuserid
139759962716640(After): 1
**************************
jmp 0x8
139759794563592(Before): 0
**************************
jmp 0x8
10: 0
**************************
jmp 0x8
139759794563592(After): 2
**************************
pop r14
cuserid
139759794563592(Before): 2
**************************
pop r14
cuserid
10: 2
**************************
pop r14
cuserid
139759794563592(After): 0
**************************
jmp 0x8
139759794563592(Before): 0
**************************
jmp 0x8
10: 0
**************************
jmp 0x8
139759794563592(After): 2
**************************
pop r14
cuserid
139759794563592(Before): 2
**************************
pop r14
cuserid
10: 2
**************************
pop r14
cuserid
139759794563592(After): 0
**************************
mov qword ptr [r15+0x60], rax
139759962716640(Before): 1
**************************
mov qword ptr [r15+0x60], rax
139759962716640(After): 0
Unlocked
mov qword ptr [r15+0x60], rax
**************************
mov qword ptr [r15+0x40], rsp
6295712(Before): 2
**************************
mov qword ptr [r15+0x40], rsp
6295712(After): 1
**************************
jz 0x12270
139759965123200(Before): 2
**************************
jz 0x12270
139759965123200(After): 1
**************************
mov rax, qword ptr [r15+0x60]
139759794563592(Before): 0
**************************
mov rax, qword ptr [r15+0x60]
139759794563592(After): 16
