**************************
mov qword ptr [r15+0x78], r14
139759901887772(Before): 4294967295
**************************
mov qword ptr [r15+0x78], r14
10: 0
**************************
mov qword ptr [r15+0x78], r14
139759901887772(After): 0
**************************
mov qword ptr [r15+0x40], rsp
6295712(Before): 2
**************************
mov qword ptr [r15+0x40], rsp
10: 0
**************************
mov qword ptr [r15+0x40], rsp
6295712(After): 2
**************************
mov qword ptr [r15+0x28], rdi
6295712(Before): 0
**************************
mov qword ptr [r15+0x28], rdi
10: 2
**************************
mov qword ptr [r15+0x28], rdi
6295712(After): 2
**************************
jnz 0x13cf8
139759962716640(Before): 0
**************************
jnz 0x13cf8
10: 0
**************************
jnz 0x13cf8
139759962716640(After): 1
**************************
jmp 0x8
139759901886984(Before): 0
**************************
jmp 0x8
10: 0
**************************
jmp 0x8
139759901886984(After): 2
**************************
jnz 0x134d8
139759901886984(Before): 2
**************************
jnz 0x134d8
10: 2
**************************
jnz 0x134d8
139759901886984(After): 0
**************************
jmp 0x8
139759901886984(Before): 0
**************************
jmp 0x8
10: 0
**************************
jmp 0x8
139759901886984(After): 2
**************************
jnz 0x134d8
139759901886984(Before): 2
**************************
jnz 0x134d8
10: 2
**************************
jnz 0x134d8
139759901886984(After): 0
**************************
mov qword ptr [r15+0x30], r10
139759962716640(Before): 1
**************************
mov qword ptr [r15+0x30], r10
139759962716640(After): 0
Unlocked
mov qword ptr [r15+0x30], r10
**************************
jnz 0x13cf8
139759962716640(Before): 0
**************************
jnz 0x13cf8
10: 0
**************************
jnz 0x13cf8
139759962716640(After): 1
**************************
jmp 0x8
139759901886984(Before): 0
**************************
jmp 0x8
10: 0
**************************
jmp 0x8
139759901886984(After): 2
**************************
jnz 0x134d8
139759901886984(Before): 2
**************************
jnz 0x134d8
10: 2
**************************
jnz 0x134d8
139759901886984(After): 0
**************************
jmp 0x8
139759901886984(Before): 0
**************************
jmp 0x8
10: 0
**************************
jmp 0x8
139759901886984(After): 2
**************************
jnz 0x134d8
139759901886984(Before): 2
**************************
jnz 0x134d8
10: 2
**************************
jnz 0x134d8
139759901886984(After): 0
**************************
mov qword ptr [r15+0x30], r10
139759962716640(Before): 1
**************************
mov qword ptr [r15+0x30], r10
139759962716640(After): 0
Unlocked
mov qword ptr [r15+0x30], r10
**************************
jmp 0x134a8
6295712(Before): 2
**************************
jmp 0x134a8
6295712(After): 1
**************************
cld 
139759965123200(Before): 8
**************************
cld 
139759965123200(After): 7
**************************
mov rsp, qword ptr [r15+0x18a8]
139759901886984(Before): 0
**************************
mov rsp, qword ptr [r15+0x18a8]
139759901886984(After): 16
