**************************
call qword ptr [r15+0x1940]
139759866113308(Before): 4294967295
**************************
call qword ptr [r15+0x1940]
10: 0
**************************
call qword ptr [r15+0x1940]
139759866113308(After): 0
**************************
cmp rcx, rax
6295712(Before): 2
**************************
cmp rcx, rax
10: 0
**************************
cmp rcx, rax
6295712(After): 2
**************************
mov qword ptr [r15+0x28], rdi
6295712(Before): 0
**************************
mov qword ptr [r15+0x28], rdi
10: 2
**************************
mov qword ptr [r15+0x28], rdi
6295712(After): 2
**************************
jnz 0x13cf8
139759962716640(Before): 0
**************************
jnz 0x13cf8
10: 0
**************************
jnz 0x13cf8
139759962716640(After): 1
**************************
jmp 0x8
139759866112520(Before): 0
**************************
jmp 0x8
10: 0
**************************
jmp 0x8
139759866112520(After): 2
**************************
jnz 0x134d8
139759866112520(Before): 2
**************************
jnz 0x134d8
10: 2
**************************
jnz 0x134d8
139759866112520(After): 0
**************************
jmp 0x8
139759866112520(Before): 0
**************************
jmp 0x8
10: 0
**************************
jmp 0x8
139759866112520(After): 2
**************************
jnz 0x134d8
139759866112520(Before): 2
**************************
jnz 0x134d8
10: 2
**************************
jnz 0x134d8
139759866112520(After): 0
**************************
mov qword ptr [r15+0x30], r10
139759962716640(Before): 1
**************************
mov qword ptr [r15+0x30], r10
139759962716640(After): 0
Unlocked
mov qword ptr [r15+0x30], r10
**************************
mov qword ptr [r15+0xa0], rsi
139759962716640(Before): 0
**************************
mov qword ptr [r15+0xa0], rsi
10: 0
**************************
mov qword ptr [r15+0xa0], rsi
139759962716640(After): 1
**************************
jmp 0x8
139759866112520(Before): 0
**************************
jmp 0x8
10: 0
**************************
jmp 0x8
139759866112520(After): 2
**************************
mov rsp, qword ptr [r15+0x18a8]
139759866112520(Before): 2
**************************
mov rsp, qword ptr [r15+0x18a8]
10: 2
**************************
mov rsp, qword ptr [r15+0x18a8]
139759866112520(After): 0
**************************
jmp 0x8
139759866112520(Before): 0
**************************
jmp 0x8
10: 0
**************************
jmp 0x8
139759866112520(After): 2
**************************
mov rsp, qword ptr [r15+0x18a8]
139759866112520(Before): 2
**************************
mov rsp, qword ptr [r15+0x18a8]
10: 2
**************************
mov rsp, qword ptr [r15+0x18a8]
139759866112520(After): 0
**************************
mov qword ptr [r15+0x60], rax
139759962716640(Before): 1
**************************
mov qword ptr [r15+0x60], rax
139759962716640(After): 0
Unlocked
mov qword ptr [r15+0x60], rax
**************************
mov r14, qword ptr [r15+0x1910]
6295712(Before): 2
**************************
mov r14, qword ptr [r15+0x1910]
6295712(After): 1
**************************
jz 0x12270
139759965123200(Before): 6
**************************
jz 0x12270
139759965123200(After): 5
**************************
mov rax, qword ptr [r15+0x60]
139759866112520(Before): 0
**************************
mov rax, qword ptr [r15+0x60]
139759866112520(After): 16
