**************************
call qword ptr [r15+0x1940]
139759919775004(Before): 4294967295
**************************
call qword ptr [r15+0x1940]
10: 0
**************************
call qword ptr [r15+0x1940]
139759919775004(After): 0
**************************
cmp r14d, 0xa
pthread_setcanceltype
6295712(Before): 2
**************************
cmp r14d, 0xa
pthread_setcanceltype
10: 0
**************************
cmp r14d, 0xa
pthread_setcanceltype
6295712(After): 2
**************************
mov qword ptr [r15+0x28], rdi
6295712(Before): 0
**************************
mov qword ptr [r15+0x28], rdi
10: 2
**************************
mov qword ptr [r15+0x28], rdi
6295712(After): 2
**************************
jnz 0x13cf8
139759962716640(Before): 0
**************************
jnz 0x13cf8
10: 0
**************************
jnz 0x13cf8
139759962716640(After): 1
**************************
jmp 0x8
139759919774216(Before): 0
**************************
jmp 0x8
10: 0
**************************
jmp 0x8
139759919774216(After): 2
**************************
jnz 0x134d8
139759919774216(Before): 2
**************************
jnz 0x134d8
10: 2
**************************
jnz 0x134d8
139759919774216(After): 0
**************************
jmp 0x8
139759919774216(Before): 0
**************************
jmp 0x8
10: 0
**************************
jmp 0x8
139759919774216(After): 2
**************************
jnz 0x134d8
139759919774216(Before): 2
**************************
jnz 0x134d8
10: 2
**************************
jnz 0x134d8
139759919774216(After): 0
**************************
mov qword ptr [r15+0x30], r10
139759962716640(Before): 1
**************************
mov qword ptr [r15+0x30], r10
139759962716640(After): 0
Unlocked
mov qword ptr [r15+0x30], r10
**************************
jnz 0x13cf8
139759962716640(Before): 0
**************************
jnz 0x13cf8
10: 0
**************************
jnz 0x13cf8
139759962716640(After): 1
**************************
jmp 0x8
139759919774216(Before): 0
**************************
jmp 0x8
10: 0
**************************
jmp 0x8
139759919774216(After): 2
**************************
jnz 0x134d8
139759919774216(Before): 2
**************************
jnz 0x134d8
10: 2
**************************
jnz 0x134d8
139759919774216(After): 0
**************************
jmp 0x8
139759919774216(Before): 0
**************************
jmp 0x8
10: 0
**************************
jmp 0x8
139759919774216(After): 2
**************************
jnz 0x134d8
139759919774216(Before): 2
**************************
jnz 0x134d8
10: 2
**************************
jnz 0x134d8
139759919774216(After): 0
**************************
mov qword ptr [r15+0x30], r10
139759962716640(Before): 1
**************************
mov qword ptr [r15+0x30], r10
139759962716640(After): 0
Unlocked
mov qword ptr [r15+0x30], r10
**************************
jmp 0x134a8
6295712(Before): 2
**************************
jmp 0x134a8
6295712(After): 1
**************************
cld 
139759965123200(Before): 9
**************************
cld 
139759965123200(After): 8
**************************
mov rsp, qword ptr [r15+0x18a8]
139759919774216(Before): 0
**************************
mov rsp, qword ptr [r15+0x18a8]
139759919774216(After): 16
