**************************
lock xchg dword ptr [rbp+0x61c], eax
start_thread
139759937662236(Before): 4294967295
**************************
lock xchg dword ptr [rbp+0x61c], eax
start_thread
10: 0
**************************
lock xchg dword ptr [rbp+0x61c], eax
start_thread
139759937662236(After): 0
**************************
data16 nop 
6295712(Before): 1
**************************
data16 nop 
10: 0
**************************
data16 nop 
6295712(After): 1
**************************
lock xchg dword ptr [r13], eax
__lll_lock_wait
6295712(Before): 1
**************************
lock xchg dword ptr [r13], eax
__lll_lock_wait
10: 2
**************************
lock xchg dword ptr [r13], eax
__lll_lock_wait
6295712(After): 2
**************************
mov rdi, r14
6295712(Before): 0
**************************
mov rdi, r14
10: 2
**************************
mov rdi, r14
6295712(After): 2
**************************
and r8d, 0x7c
__pthread_mutex_unlock
139759962716640(Before): 0
**************************
and r8d, 0x7c
__pthread_mutex_unlock
10: 0
**************************
and r8d, 0x7c
__pthread_mutex_unlock
139759962716640(After): 1
**************************
mov qword ptr [r15+0x70], r11
139759937661448(Before): 0
**************************
mov qword ptr [r15+0x70], r11
10: 0
**************************
mov qword ptr [r15+0x70], r11
139759937661448(After): 2
**************************
jnz 0x18040
139759937661448(Before): 2
**************************
jnz 0x18040
10: 2
**************************
jnz 0x18040
139759937661448(After): 0
**************************
mov qword ptr [r15+0x70], r11
139759937661448(Before): 0
**************************
mov qword ptr [r15+0x70], r11
10: 0
**************************
mov qword ptr [r15+0x70], r11
139759937661448(After): 2
**************************
mov rdx, 0x4
139759937661448(Before): 2
**************************
mov rdx, 0x4
10: 2
**************************
mov rdx, 0x4
139759937661448(After): 0
**************************
test qword ptr [r15+0xd8], 0x10000
139759962716640(Before): 1
**************************
test qword ptr [r15+0xd8], 0x10000
139759962716640(After): 0
Unlocked
test qword ptr [r15+0xd8], 0x10000
**************************
cld 
139759962716640(Before): 0
**************************
cld 
10: 0
**************************
cld 
139759962716640(After): 1
**************************
jmp 0x8
139759937661448(Before): 0
**************************
jmp 0x8
10: 0
**************************
jmp 0x8
139759937661448(After): 2
**************************
mov rsp, qword ptr [r15+0x18a8]
139759937661448(Before): 2
**************************
mov rsp, qword ptr [r15+0x18a8]
10: 2
**************************
mov rsp, qword ptr [r15+0x18a8]
139759937661448(After): 0
**************************
jmp 0x8
139759937661448(Before): 0
**************************
jmp 0x8
10: 0
**************************
jmp 0x8
139759937661448(After): 2
**************************
mov rsp, qword ptr [r15+0x18a8]
139759937661448(Before): 2
**************************
mov rsp, qword ptr [r15+0x18a8]
10: 2
**************************
mov rsp, qword ptr [r15+0x18a8]
139759937661448(After): 0
**************************
jmp 0x8
139759962716640(Before): 1
**************************
jmp 0x8
139759962716640(After): 0
Unlocked
jmp 0x8
**************************
lock dec dword ptr [r12]
__pthread_mutex_unlock
6295712(Before): 2
**************************
lock dec dword ptr [r12]
__pthread_mutex_unlock
6295712(After): 1
**************************
cld 
139759965123200(Before): 10
**************************
cld 
139759965123200(After): 9
**************************
mov rsp, qword ptr [r15+0x18a8]
139759937661448(Before): 0
**************************
mov rsp, qword ptr [r15+0x18a8]
139759937661448(After): 16
