**************************
lock cmpxchg dword ptr [rdi], esi
__pthread_initialize_minimal
140579402220320(Before): 0
**************************
lock cmpxchg dword ptr [rdi], esi
__pthread_initialize_minimal
10: 0
**************************
lock cmpxchg dword ptr [rdi], esi
__pthread_initialize_minimal
140579402220320(After): 1
Lock Detected
lock cmpxchg dword ptr [rdi], esi
**************************
lock dec dword ptr [rdi]
__pthread_initialize_minimal
140579402220320(Before): 1
**************************
lock dec dword ptr [rdi]
__pthread_initialize_minimal
140579402220320(After): 0
Unlocked
lock dec dword ptr [rdi]
**************************
lock cmpxchg dword ptr [rdi], esi
pthread_create
140579402220320(Before): 0
**************************
lock cmpxchg dword ptr [rdi], esi
pthread_create
10: 0
**************************
lock cmpxchg dword ptr [rdi], esi
pthread_create
140579402220320(After): 1
**************************
lock dec dword ptr [rdi]
pthread_create
140579402220320(Before): 1
**************************
lock dec dword ptr [rdi]
pthread_create
140579402220320(After): 0
Unlocked
lock dec dword ptr [rdi]
**************************
lock cmpxchg dword ptr [rdi], esi
pthread_create
140579402220368(Before): 0
**************************
lock cmpxchg dword ptr [rdi], esi
pthread_create
10: 0
**************************
lock cmpxchg dword ptr [rdi], esi
pthread_create
140579402220368(After): 1
Lock Detected
lock cmpxchg dword ptr [rdi], esi
**************************
lock dec dword ptr [rdi]
pthread_create
140579402220368(Before): 1
**************************
lock dec dword ptr [rdi]
pthread_create
140579402220368(After): 0
Unlocked
lock dec dword ptr [rdi]
**************************
lock cmpxchg dword ptr [r8], r13d
pthread_mutex_lock
140579727829352(Before): 0
**************************
lock cmpxchg dword ptr [r8], r13d
pthread_mutex_lock
10: 0
**************************
lock cmpxchg dword ptr [r8], r13d
pthread_mutex_lock
140579727829352(After): 1
Lock Detected
lock cmpxchg dword ptr [r8], r13d
**************************
lock dec dword ptr [rdx]
__pthread_mutex_unlock
140579727829352(Before): 1
**************************
lock dec dword ptr [rdx]
__pthread_mutex_unlock
140579727829352(After): 0
Unlocked
lock dec dword ptr [rdx]
**************************
lock cmpxchg dword ptr [rdi], esi
malloc
140579399788384(Before): 0
**************************
lock cmpxchg dword ptr [rdi], esi
malloc
10: 0
**************************
lock cmpxchg dword ptr [rdi], esi
malloc
140579399788384(After): 1
Lock Detected
lock cmpxchg dword ptr [rdi], esi
**************************
lock dec dword ptr [rdi]
malloc
140579399788384(Before): 1
**************************
lock dec dword ptr [rdi]
malloc
140579399788384(After): 0
Unlocked
lock dec dword ptr [rdi]
**************************
lock cmpxchg dword ptr [rdi], esi
pthread_create
140579402220368(Before): 0
**************************
lock cmpxchg dword ptr [rdi], esi
pthread_create
10: 0
**************************
lock cmpxchg dword ptr [rdi], esi
pthread_create
140579402220368(After): 1
**************************
lock dec dword ptr [rdi]
pthread_create
140579402220368(Before): 1
**************************
lock dec dword ptr [rdi]
pthread_create
140579402220368(After): 0
Unlocked
lock dec dword ptr [rdi]
**************************
lock inc dword ptr [rdi]
do_clone.constprop.3
140579402203776(Before): 1
**************************
lock inc dword ptr [rdi]
do_clone.constprop.3
140579402203776(After): 2
**************************
mov rax, qword ptr [r15+0x60]
140579402220320(Before): 0
**************************
mov rax, qword ptr [r15+0x60]
10: 0
**************************
mov rax, qword ptr [r15+0x60]
140579402220320(After): 1
**************************
jnz 0x29048
140579402220320(Before): 1
**************************
jnz 0x29048
140579402220320(After): 0
Unlocked
jnz 0x29048
**************************
mov r13, qword ptr [r15+0x1910]
140579402220368(Before): 0
**************************
mov r13, qword ptr [r15+0x1910]
10: 0
**************************
mov r13, qword ptr [r15+0x1910]
140579402220368(After): 1
**************************
vmovdqu ymmword ptr [r15+0xc80], ymm8
140579402220368(Before): 1
**************************
vmovdqu ymmword ptr [r15+0xc80], ymm8
140579402220368(After): 0
Unlocked
vmovdqu ymmword ptr [r15+0xc80], ymm8
**************************
lock cmpxchg dword ptr [rdi], esi
calloc
140579399788384(Before): 0
**************************
lock cmpxchg dword ptr [rdi], esi
calloc
10: 0
**************************
lock cmpxchg dword ptr [rdi], esi
calloc
140579399788384(After): 1
**************************
lock dec dword ptr [rdi]
calloc
140579399788384(Before): 1
**************************
lock dec dword ptr [rdi]
calloc
140579399788384(After): 0
Unlocked
lock dec dword ptr [rdi]
**************************
call r11
140579402220368(Before): 0
**************************
call r11
10: 0
**************************
call r11
140579402220368(After): 1
**************************
call r11
140579402220368(Before): 1
**************************
call r11
140579402220368(After): 0
Unlocked
call r11
**************************
seto al
140579402203776(Before): 2
**************************
seto al
140579402203776(After): 3
**************************
mov rax, qword ptr [r15+0x60]
140579402220320(Before): 0
**************************
mov rax, qword ptr [r15+0x60]
10: 0
**************************
mov rax, qword ptr [r15+0x60]
140579402220320(After): 1
**************************
jnz 0x29048
140579402220320(Before): 1
**************************
jnz 0x29048
140579402220320(After): 0
Unlocked
jnz 0x29048
**************************
seto al
140579402220368(Before): 0
**************************
seto al
10: 0
**************************
seto al
140579402220368(After): 1
**************************
lahf 
140579402220368(Before): 1
**************************
lahf 
140579402220368(After): 0
Unlocked
lahf 
**************************
jmp 0xffffffffffff7f08
140579399788384(Before): 0
**************************
jmp 0xffffffffffff7f08
10: 0
**************************
jmp 0xffffffffffff7f08
140579399788384(After): 1
**************************
mov rdi, r14
140579399788384(Before): 1
**************************
mov rdi, r14
140579399788384(After): 0
Unlocked
mov rdi, r14
**************************
mov rsi, 0x1b2
140579402220368(Before): 0
**************************
mov rsi, 0x1b2
10: 0
**************************
mov rsi, 0x1b2
140579402220368(After): 1
**************************
shr rax, 0x4
140579402220368(Before): 1
**************************
shr rax, 0x4
140579402220368(After): 0
Unlocked
shr rax, 0x4
**************************
mov qword ptr [r15+0x18], r13
140579402203776(Before): 3
**************************
mov qword ptr [r15+0x18], r13
140579402203776(After): 4
**************************
mov rax, qword ptr [r15+0x60]
140579402220320(Before): 0
**************************
mov rax, qword ptr [r15+0x60]
10: 0
**************************
mov rax, qword ptr [r15+0x60]
140579402220320(After): 1
**************************
jnz 0x29048
140579402220320(Before): 1
**************************
jnz 0x29048
140579402220320(After): 0
Unlocked
jnz 0x29048
**************************
and eax, 0x17f
pthread_mutex_lock
140579402220368(Before): 0
**************************
and eax, 0x17f
pthread_mutex_lock
10: 0
**************************
and eax, 0x17f
pthread_mutex_lock
140579402220368(After): 1
**************************
jnz 0x20a38
140579402220368(Before): 1
**************************
jnz 0x20a38
140579402220368(After): 0
Unlocked
jnz 0x20a38
**************************
mov r11, 0x7fdb43b7e2f0
140579399788384(Before): 0
**************************
mov r11, 0x7fdb43b7e2f0
10: 0
**************************
mov r11, 0x7fdb43b7e2f0
140579399788384(After): 1
**************************
jz 0x163
140579399788384(Before): 1
**************************
jz 0x163
140579399788384(After): 0
Unlocked
jz 0x163
**************************
cld 
140579402220368(Before): 0
**************************
cld 
10: 0
**************************
cld 
140579402220368(After): 1
**************************
movdqu xmm6, xmmword ptr [r15+0xc40]
140579402220368(Before): 1
**************************
movdqu xmm6, xmmword ptr [r15+0xc40]
140579402220368(After): 0
Unlocked
movdqu xmm6, xmmword ptr [r15+0xc40]
**************************
mov rdi, r14
140579402203776(Before): 4
**************************
mov rdi, r14
140579402203776(After): 5
**************************
mov rsp, qword ptr [r15+0x18a8]
140579395794780(Before): 1
**************************
mov rsp, qword ptr [r15+0x18a8]
10: 0
**************************
mov rsp, qword ptr [r15+0x18a8]
140579395794780(After): 0
**************************
lock cmpxchg dword ptr [r13+0x308], r12d
__pthread_enable_asynccancel
140579395795528(Before): 0
**************************
lock cmpxchg dword ptr [r13+0x308], r12d
__pthread_enable_asynccancel
10: 0
**************************
lock cmpxchg dword ptr [r13+0x308], r12d
__pthread_enable_asynccancel
140579395795528(After): 2
**************************
lock cmpxchg qword ptr [rbp], rdi
pthread_join
140579392630056(Before): 0
**************************
lock cmpxchg qword ptr [rbp], rdi
pthread_join
10: 0
**************************
lock cmpxchg qword ptr [rbp], rdi
pthread_join
140579392630056(After): 140579395794752
**************************
lock cmpxchg dword ptr [r13+0x308], r12d
__pthread_disable_asynccancel
140579395795528(Before): 2
**************************
lock cmpxchg dword ptr [r13+0x308], r12d
__pthread_disable_asynccancel
10: 2
**************************
lock cmpxchg dword ptr [r13+0x308], r12d
__pthread_disable_asynccancel
140579395795528(After): 0
**************************
lock bts dword ptr [rdi+0x308], 0x5
__free_tcb
140579392629256(Before): 16
**************************
lock bts dword ptr [rdi+0x308], 0x5
__free_tcb
140579392629256(After): 48
**************************
lock cmpxchg dword ptr [rdi], esi
__deallocate_stack
140579402220368(Before): 0
**************************
lock cmpxchg dword ptr [rdi], esi
__deallocate_stack
10: 0
**************************
lock cmpxchg dword ptr [rdi], esi
__deallocate_stack
140579402220368(After): 1
**************************
lock dec dword ptr [rdi]
__deallocate_stack
140579402220368(Before): 1
**************************
lock dec dword ptr [rdi]
__deallocate_stack
140579402220368(After): 0
Unlocked
lock dec dword ptr [rdi]
**************************
mov qword ptr [r15+0x58], r9
140579395795528(Before): 0
**************************
mov qword ptr [r15+0x58], r9
10: 0
**************************
mov qword ptr [r15+0x58], r9
140579395795528(After): 2
**************************
mov r11, 0x7fdb43b80bc0
140579374742824(Before): 0
**************************
mov r11, 0x7fdb43b80bc0
10: 0
**************************
mov r11, 0x7fdb43b80bc0
140579374742824(After): 140579395794752
**************************
lea rsi, ptr [r12]
140579395795528(Before): 2
**************************
lea rsi, ptr [r12]
10: 2
**************************
lea rsi, ptr [r12]
140579395795528(After): 0
**************************
mov rdx, 0x4
140579374742024(Before): 16
**************************
mov rdx, 0x4
140579374742024(After): 48
**************************
mov r10d, dword ptr [r13+0x10]
__pthread_mutex_unlock
140579402220368(Before): 0
**************************
mov r10d, dword ptr [r13+0x10]
__pthread_mutex_unlock
10: 0
**************************
mov r10d, dword ptr [r13+0x10]
__pthread_mutex_unlock
140579402220368(After): 1
**************************
cmp rax, r12
140579402220368(Before): 1
**************************
cmp rax, r12
140579402220368(After): 0
Unlocked
cmp rax, r12
**************************
mov qword ptr [r15+0x58], r9
140579395795528(Before): 0
**************************
mov qword ptr [r15+0x58], r9
10: 0
**************************
mov qword ptr [r15+0x58], r9
140579395795528(After): 2
**************************
jz 0x13460
140579356855592(Before): 0
**************************
jz 0x13460
10: 0
**************************
jz 0x13460
140579356855592(After): 140579395794752
**************************
lea rsi, ptr [r12]
140579395795528(Before): 2
**************************
lea rsi, ptr [r12]
10: 2
**************************
lea rsi, ptr [r12]
140579395795528(After): 0
**************************
mov rdx, 0x4
140579356854792(Before): 16
**************************
mov rdx, 0x4
140579356854792(After): 48
**************************
mov r10d, dword ptr [r13+0x10]
__pthread_mutex_unlock
140579402220368(Before): 0
**************************
mov r10d, dword ptr [r13+0x10]
__pthread_mutex_unlock
10: 0
**************************
mov r10d, dword ptr [r13+0x10]
__pthread_mutex_unlock
140579402220368(After): 1
**************************
jz 0x2b10
140579402220368(Before): 1
**************************
jz 0x2b10
140579402220368(After): 0
Unlocked
jz 0x2b10
**************************
mov qword ptr [r15+0x58], r9
140579395795528(Before): 0
**************************
mov qword ptr [r15+0x58], r9
10: 0
**************************
mov qword ptr [r15+0x58], r9
140579395795528(After): 2
**************************
jz 0x13460
140579338968360(Before): 0
**************************
jz 0x13460
10: 0
**************************
jz 0x13460
140579338968360(After): 140579395794752
**************************
lea rsi, ptr [r12]
140579395795528(Before): 2
**************************
lea rsi, ptr [r12]
10: 2
**************************
lea rsi, ptr [r12]
140579395795528(After): 0
**************************
mov rdx, 0x4
140579338967560(Before): 16
**************************
mov rdx, 0x4
140579338967560(After): 48
**************************
mov r10d, dword ptr [r13+0x10]
__pthread_mutex_unlock
140579402220368(Before): 0
**************************
mov r10d, dword ptr [r13+0x10]
__pthread_mutex_unlock
10: 0
**************************
mov r10d, dword ptr [r13+0x10]
__pthread_mutex_unlock
140579402220368(After): 1
**************************
jz 0x2b10
140579402220368(Before): 1
**************************
jz 0x2b10
140579402220368(After): 0
Unlocked
jz 0x2b10
**************************
jnz 0x134f0
140579395794780(Before): 1
**************************
jnz 0x134f0
10: 0
**************************
jnz 0x134f0
140579395794780(After): 0
**************************
mov qword ptr [r15+0xa0], rcx
140579727829352(Before): 0
**************************
mov qword ptr [r15+0xa0], rcx
10: 0
**************************
mov qword ptr [r15+0xa0], rcx
140579727829352(After): 1
**************************
mov r12, qword ptr [r13]
_dl_rtld_di_serinfo
140579727829352(Before): 1
**************************
mov r12, qword ptr [r13]
_dl_rtld_di_serinfo
140579727829352(After): 0
Unlocked
mov r12, qword ptr [r13]
**************************
mov r12, qword ptr [r15+0x78]
140579395794780(Before): 1
**************************
mov r12, qword ptr [r15+0x78]
10: 0
**************************
mov r12, qword ptr [r15+0x78]
140579395794780(After): 0
**************************
lock cmpxchg dword ptr [r12], esi
_IO_adjust_column
140579399797216(Before): 0
**************************
lock cmpxchg dword ptr [r12], esi
_IO_adjust_column
10: 0
**************************
lock cmpxchg dword ptr [r12], esi
_IO_adjust_column
140579399797216(After): 1
**************************
lock dec dword ptr [r12]
_IO_adjust_column
140579399797216(Before): 1
**************************
lock dec dword ptr [r12]
_IO_adjust_column
140579399797216(After): 0
Unlocked
lock dec dword ptr [r12]
