**************************
mov rdx, 0x4
140579356855580(Before): 4294967295
**************************
mov rdx, 0x4
10: 0
**************************
mov rdx, 0x4
140579356855580(After): 0
**************************
mov rdi, r12
6295712(Before): 2
**************************
mov rdi, r12
10: 0
**************************
mov rdi, r12
6295712(After): 2
**************************
cld 
6295712(Before): 0
**************************
cld 
10: 2
**************************
cld 
6295712(After): 2
**************************
jnz 0x18040
140579399797216(Before): 0
**************************
jnz 0x18040
10: 0
**************************
jnz 0x18040
140579399797216(After): 1
**************************
mov rax, qword ptr [r15+0x60]
140579356854792(Before): 0
**************************
mov rax, qword ptr [r15+0x60]
10: 0
**************************
mov rax, qword ptr [r15+0x60]
140579356854792(After): 2
**************************
xor r14d, r14d
__libc_thread_freeres_fn
140579356854792(Before): 2
**************************
xor r14d, r14d
__libc_thread_freeres_fn
10: 2
**************************
xor r14d, r14d
__libc_thread_freeres_fn
140579356854792(After): 0
**************************
mov qword ptr [r15+0x18], rax
140579356854792(Before): 0
**************************
mov qword ptr [r15+0x18], rax
10: 0
**************************
mov qword ptr [r15+0x18], rax
140579356854792(After): 2
**************************
jz 0x118
140579356854792(Before): 2
**************************
jz 0x118
10: 2
**************************
jz 0x118
140579356854792(After): 0
**************************
pushfq 
140579399797216(Before): 1
**************************
pushfq 
140579399797216(After): 0
Unlocked
pushfq 
**************************
mov rsp, qword ptr [r15+0x18a8]
140579399797216(Before): 0
**************************
mov rsp, qword ptr [r15+0x18a8]
10: 0
**************************
mov rsp, qword ptr [r15+0x18a8]
140579399797216(After): 1
**************************
mov qword ptr [r15+0x28], rdi
140579356854792(Before): 0
**************************
mov qword ptr [r15+0x28], rdi
10: 0
**************************
mov qword ptr [r15+0x28], rdi
140579356854792(After): 2
**************************
mov rsi, qword ptr [r15+0x60]
140579356854792(Before): 2
**************************
mov rsi, qword ptr [r15+0x60]
10: 2
**************************
mov rsi, qword ptr [r15+0x60]
140579356854792(After): 0
**************************
mov qword ptr [r15+0x28], rdi
140579356854792(Before): 0
**************************
mov qword ptr [r15+0x28], rdi
10: 0
**************************
mov qword ptr [r15+0x28], rdi
140579356854792(After): 2
**************************
mov rsi, qword ptr [r15+0x60]
140579356854792(Before): 2
**************************
mov rsi, qword ptr [r15+0x60]
10: 2
**************************
mov rsi, qword ptr [r15+0x60]
140579356854792(After): 0
**************************
seto al
140579399797216(Before): 1
**************************
seto al
140579399797216(After): 0
Unlocked
seto al
**************************
lock dec dword ptr [r12]
__pthread_mutex_unlock
6295712(Before): 2
**************************
lock dec dword ptr [r12]
__pthread_mutex_unlock
6295712(After): 1
**************************
cld 
140579402203776(Before): 4
**************************
cld 
140579402203776(After): 3
**************************
mov rsp, qword ptr [r15+0x18a8]
140579356854792(Before): 0
**************************
mov rsp, qword ptr [r15+0x18a8]
140579356854792(After): 16
