**************************
mov rdx, 0x4
140579338968348(Before): 4294967295
**************************
mov rdx, 0x4
10: 0
**************************
mov rdx, 0x4
140579338968348(After): 0
**************************
lahf 
6295712(Before): 2
**************************
lahf 
10: 0
**************************
lahf 
6295712(After): 2
**************************
nop dword ptr [rax], eax
6295712(Before): 0
**************************
nop dword ptr [rax], eax
10: 2
**************************
nop dword ptr [rax], eax
6295712(After): 2
**************************
jnz 0x134f0
140579399797216(Before): 0
**************************
jnz 0x134f0
10: 0
**************************
jnz 0x134f0
140579399797216(After): 1
**************************
mov rax, qword ptr [r15+0x60]
140579338967560(Before): 0
**************************
mov rax, qword ptr [r15+0x60]
10: 0
**************************
mov rax, qword ptr [r15+0x60]
140579338967560(After): 2
**************************
mov rsp, qword ptr [r15+0x18a8]
140579338967560(Before): 2
**************************
mov rsp, qword ptr [r15+0x18a8]
10: 2
**************************
mov rsp, qword ptr [r15+0x18a8]
140579338967560(After): 0
**************************
mov rax, qword ptr [r15+0x60]
140579338967560(Before): 0
**************************
mov rax, qword ptr [r15+0x60]
10: 0
**************************
mov rax, qword ptr [r15+0x60]
140579338967560(After): 2
**************************
mov rsp, qword ptr [r15+0x18a8]
140579338967560(Before): 2
**************************
mov rsp, qword ptr [r15+0x18a8]
10: 2
**************************
mov rsp, qword ptr [r15+0x18a8]
140579338967560(After): 0
**************************
seto al
140579399797216(Before): 1
**************************
seto al
140579399797216(After): 0
Unlocked
seto al
**************************
jnz 0x134f0
140579399797216(Before): 0
**************************
jnz 0x134f0
10: 0
**************************
jnz 0x134f0
140579399797216(After): 1
**************************
mov rax, qword ptr [r15+0x60]
140579338967560(Before): 0
**************************
mov rax, qword ptr [r15+0x60]
10: 0
**************************
mov rax, qword ptr [r15+0x60]
140579338967560(After): 2
**************************
mov rsp, qword ptr [r15+0x18a8]
140579338967560(Before): 2
**************************
mov rsp, qword ptr [r15+0x18a8]
10: 2
**************************
mov rsp, qword ptr [r15+0x18a8]
140579338967560(After): 0
**************************
mov rax, qword ptr [r15+0x60]
140579338967560(Before): 0
**************************
mov rax, qword ptr [r15+0x60]
10: 0
**************************
mov rax, qword ptr [r15+0x60]
140579338967560(After): 2
**************************
mov rsp, qword ptr [r15+0x18a8]
140579338967560(Before): 2
**************************
mov rsp, qword ptr [r15+0x18a8]
10: 2
**************************
mov rsp, qword ptr [r15+0x18a8]
140579338967560(After): 0
**************************
seto al
140579399797216(Before): 1
**************************
seto al
140579399797216(After): 0
Unlocked
seto al
**************************
jmp 0x134c0
6295712(Before): 2
**************************
jmp 0x134c0
6295712(After): 1
**************************
cld 
140579402203776(Before): 2
**************************
cld 
140579402203776(After): 1
**************************
mov rsp, qword ptr [r15+0x18a8]
140579338967560(Before): 0
**************************
mov rsp, qword ptr [r15+0x18a8]
140579338967560(After): 16
